<?xml version="1.0" encoding="UTF-8"?>
<testsuite xmlns:xsi="http://www.w3.org/2001/XMLSchema-instance" xsi:noNamespaceSchemaLocation="https://maven.apache.org/surefire/maven-surefire-plugin/xsd/surefire-test-report-3.0.xsd" version="3.0" name="com.fabiangonzalez.aem.servlets.SearchCardServletTest" time="0.441" tests="1" errors="0" skipped="0" failures="0">
  <properties>
    <property name="gopherProxySet" value="false"/>
    <property name="awt.toolkit" value="sun.lwawt.macosx.LWCToolkit"/>
    <property name="java.specification.version" value="11"/>
    <property name="sun.cpu.isalist" value=""/>
    <property name="sun.jnu.encoding" value="UTF-8"/>
    <property name="java.class.path" value="/Users/macos/Documents/WORKS/AEM/proyectos/weretail-dynamicsearchcard-core/target/test-classes:/Users/macos/Documents/WORKS/AEM/proyectos/weretail-dynamicsearchcard-core/target/classes:/Users/macos/.m2/repository/com/adobe/aem/uber-jar/6.5.0/uber-jar-6.5.0-apis.jar:/Users/macos/.m2/repository/org/apache/sling/org.apache.sling.models.api/1.3.6/org.apache.sling.models.api-1.3.6.jar:/Users/macos/.m2/repository/org/apache/httpcomponents/httpclient/4.5.13/httpclient-4.5.13.jar:/Users/macos/.m2/repository/org/apache/httpcomponents/httpcore/4.4.13/httpcore-4.4.13.jar:/Users/macos/.m2/repository/commons-logging/commons-logging/1.2/commons-logging-1.2.jar:/Users/macos/.m2/repository/commons-codec/commons-codec/1.11/commons-codec-1.11.jar:/Users/macos/.m2/repository/org/osgi/org.osgi.service.component.annotations/1.4.0/org.osgi.service.component.annotations-1.4.0.jar:/Users/macos/.m2/repository/com/google/code/gson/gson/2.8.9/gson-2.8.9.jar:/Users/macos/.m2/repository/org/junit/jupiter/junit-jupiter-api/5.9.3/junit-jupiter-api-5.9.3.jar:/Users/macos/.m2/repository/org/opentest4j/opentest4j/1.2.0/opentest4j-1.2.0.jar:/Users/macos/.m2/repository/org/junit/platform/junit-platform-commons/1.9.3/junit-platform-commons-1.9.3.jar:/Users/macos/.m2/repository/org/apiguardian/apiguardian-api/1.1.2/apiguardian-api-1.1.2.jar:/Users/macos/.m2/repository/org/junit/jupiter/junit-jupiter-engine/5.9.3/junit-jupiter-engine-5.9.3.jar:/Users/macos/.m2/repository/org/junit/platform/junit-platform-engine/1.9.3/junit-platform-engine-1.9.3.jar:/Users/macos/.m2/repository/io/wcm/io.wcm.testing.aem-mock.junit5/5.0.0/io.wcm.testing.aem-mock.junit5-5.0.0.jar:/Users/macos/.m2/repository/io/wcm/io.wcm.testing.aem-mock.core/5.0.0/io.wcm.testing.aem-mock.core-5.0.0.jar:/Users/macos/.m2/repository/org/apache/sling/org.apache.sling.api/2.22.0/org.apache.sling.api-2.22.0.jar:/Users/macos/.m2/repository/org/jetbrains/annotations/16.0.2/annotations-16.0.2.jar:/Users/macos/.m2/repository/org/apache/jackrabbit/jackrabbit-jcr-commons/2.20.1/jackrabbit-jcr-commons-2.20.1.jar:/Users/macos/.m2/repository/org/apache/sling/org.apache.sling.commons.osgi/2.4.0/org.apache.sling.commons.osgi-2.4.0.jar:/Users/macos/.m2/repository/org/apache/sling/org.apache.sling.resourceresolver/1.7.0/org.apache.sling.resourceresolver-1.7.0.jar:/Users/macos/.m2/repository/org/apache/sling/org.apache.sling.serviceusermapper/1.4.4/org.apache.sling.serviceusermapper-1.4.4.jar:/Users/macos/.m2/repository/org/apache/sling/org.apache.sling.jcr.api/2.4.0/org.apache.sling.jcr.api-2.4.0.jar:/Users/macos/.m2/repository/org/apache/sling/org.apache.sling.jcr.resource/3.0.18/org.apache.sling.jcr.resource-3.0.18.jar:/Users/macos/.m2/repository/org/apache/sling/org.apache.sling.commons.mime/2.2.2/org.apache.sling.commons.mime-2.2.2.jar:/Users/macos/.m2/repository/org/apache/sling/org.apache.sling.commons.json/2.0.20/org.apache.sling.commons.json-2.0.20.jar:/Users/macos/.m2/repository/org/apache/sling/org.apache.sling.commons.classloader/1.4.2/org.apache.sling.commons.classloader-1.4.2.jar:/Users/macos/.m2/repository/org/apache/sling/org.apache.sling.settings/1.3.10/org.apache.sling.settings-1.3.10.jar:/Users/macos/.m2/repository/org/apache/sling/org.apache.sling.i18n/2.5.14/org.apache.sling.i18n-2.5.14.jar:/Users/macos/.m2/repository/org/apache/sling/org.apache.sling.models.impl/1.4.14/org.apache.sling.models.impl-1.4.14.jar:/Users/macos/.m2/repository/org/apache/sling/org.apache.sling.testing.jcr-mock/1.6.0/org.apache.sling.testing.jcr-mock-1.6.0.jar:/Users/macos/.m2/repository/javax/jcr/jcr/2.0/jcr-2.0.jar:/Users/macos/.m2/repository/org/apache/jackrabbit/oak-jackrabbit-api/1.22.5/oak-jackrabbit-api-1.22.5.jar:/Users/macos/.m2/repository/org/apache/commons/commons-collections4/4.2/commons-collections4-4.2.jar:/Users/macos/.m2/repository/org/apache/commons/commons-lang3/3.9/commons-lang3-3.9.jar:/Users/macos/.m2/repository/org/apache/sling/org.apache.sling.testing.osgi-mock.core/3.3.0/org.apache.sling.testing.osgi-mock.core-3.3.0.jar:/Users/macos/.m2/repository/org/osgi/org.osgi.framework/1.9.0/org.osgi.framework-1.9.0.jar:/Users/macos/.m2/repository/org/osgi/org.osgi.service.component/1.4.0/org.osgi.service.component-1.4.0.jar:/Users/macos/.m2/repository/org/osgi/org.osgi.service.cm/1.6.0/org.osgi.service.cm-1.6.0.jar:/Users/macos/.m2/repository/org/osgi/org.osgi.service.event/1.4.0/org.osgi.service.event-1.4.0.jar:/Users/macos/.m2/repository/org/osgi/org.osgi.service.log/1.3.0/org.osgi.service.log-1.3.0.jar:/Users/macos/.m2/repository/commons-io/commons-io/2.6/commons-io-2.6.jar:/Users/macos/.m2/repository/org/slf4j/slf4j-api/1.7.25/slf4j-api-1.7.25.jar:/Users/macos/.m2/repository/org/reflections/reflections/0.10.2/reflections-0.10.2.jar:/Users/macos/.m2/repository/org/javassist/javassist/3.28.0-GA/javassist-3.28.0-GA.jar:/Users/macos/.m2/repository/org/apache/sling/org.apache.sling.testing.sling-mock.core/3.3.0/org.apache.sling.testing.sling-mock.core-3.3.0.jar:/Users/macos/.m2/repository/org/apache/sling/org.apache.sling.resourcebuilder/1.0.4/org.apache.sling.resourcebuilder-1.0.4.jar:/Users/macos/.m2/repository/org/osgi/org.osgi.resource/1.0.0/org.osgi.resource-1.0.0.jar:/Users/macos/.m2/repository/org/osgi/org.osgi.util.converter/1.0.0/org.osgi.util.converter-1.0.0.jar:/Users/macos/.m2/repository/org/osgi/org.osgi.util.function/1.1.0/org.osgi.util.function-1.1.0.jar:/Users/macos/.m2/repository/org/osgi/org.osgi.util.tracker/1.5.2/org.osgi.util.tracker-1.5.2.jar:/Users/macos/.m2/repository/org/apache/sling/org.apache.sling.scripting.api/2.2.0/org.apache.sling.scripting.api-2.2.0.jar:/Users/macos/.m2/repository/org/apache/sling/org.apache.sling.scripting.core/2.3.2/org.apache.sling.scripting.core-2.3.2.jar:/Users/macos/.m2/repository/org/apache/felix/org.apache.felix.utils/1.9.0/org.apache.felix.utils-1.9.0.jar:/Users/macos/.m2/repository/org/apache/johnzon/johnzon-core/1.1.1/johnzon-core-1.1.1.jar:/Users/macos/.m2/repository/org/apache/sling/org.apache.sling.adapter/2.1.10/org.apache.sling.adapter-2.1.10.jar:/Users/macos/.m2/repository/org/apache/sling/org.apache.sling.featureflags/1.2.2/org.apache.sling.featureflags-1.2.2.jar:/Users/macos/.m2/repository/org/apache/jackrabbit/oak-jcr/1.22.5/oak-jcr-1.22.5.jar:/Users/macos/.m2/repository/org/apache/jackrabbit/oak-api/1.22.5/oak-api-1.22.5.jar:/Users/macos/.m2/repository/org/apache/jackrabbit/oak-core-spi/1.22.5/oak-core-spi-1.22.5.jar:/Users/macos/.m2/repository/org/apache/jackrabbit/oak-store-spi/1.22.5/oak-store-spi-1.22.5.jar:/Users/macos/.m2/repository/org/apache/jackrabbit/oak-query-spi/1.22.5/oak-query-spi-1.22.5.jar:/Users/macos/.m2/repository/org/apache/jackrabbit/oak-security-spi/1.22.5/oak-security-spi-1.22.5.jar:/Users/macos/.m2/repository/org/apache/jackrabbit/oak-core/1.22.5/oak-core-1.22.5.jar:/Users/macos/.m2/repository/org/apache/jackrabbit/oak-blob-plugins/1.22.5/oak-blob-plugins-1.22.5.jar:/Users/macos/.m2/repository/org/apache/jackrabbit/jackrabbit-data/2.20.1/jackrabbit-data-2.20.1.jar:/Users/macos/.m2/repository/org/apache/jackrabbit/oak-blob/1.22.5/oak-blob-1.22.5.jar:/Users/macos/.m2/repository/org/apache/jackrabbit/oak-commons/1.22.5/oak-commons-1.22.5.jar:/Users/macos/.m2/repository/com/google/guava/guava/15.0/guava-15.0.jar:/Users/macos/.m2/repository/commons-collections/commons-collections/3.2.2/commons-collections-3.2.2.jar:/Users/macos/.m2/repository/commons-lang/commons-lang/2.6/commons-lang-2.6.jar:/Users/macos/.m2/repository/org/apache/sling/org.apache.sling.contentparser.api/2.0.0/org.apache.sling.contentparser.api-2.0.0.jar:/Users/macos/.m2/repository/org/apache/sling/org.apache.sling.contentparser.json/2.0.0/org.apache.sling.contentparser.json-2.0.0.jar:/Users/macos/.m2/repository/org/apache/sling/org.apache.sling.contentparser.xml-jcr/2.0.0/org.apache.sling.contentparser.xml-jcr-2.0.0.jar:/Users/macos/.m2/repository/org/apache/sling/org.apache.sling.fsresource/2.2.0/org.apache.sling.fsresource-2.2.0.jar:/Users/macos/.m2/repository/org/apache/geronimo/specs/geronimo-atinject_1.0_spec/1.0/geronimo-atinject_1.0_spec-1.0.jar:/Users/macos/.m2/repository/org/apache/geronimo/specs/geronimo-json_1.1_spec/1.0/geronimo-json_1.1_spec-1.0.jar:/Users/macos/.m2/repository/org/apache/sling/org.apache.sling.testing.resourceresolver-mock/1.3.0/org.apache.sling.testing.resourceresolver-mock-1.3.0.jar:/Users/macos/.m2/repository/org/apache/sling/org.apache.sling.servlet-helpers/1.4.2/org.apache.sling.servlet-helpers-1.4.2.jar:/Users/macos/.m2/repository/org/apache/jackrabbit/vault/org.apache.jackrabbit.vault/3.2.8/org.apache.jackrabbit.vault-3.2.8.jar:/Users/macos/.m2/repository/org/apache/commons/commons-imaging/1.0-alpha1/commons-imaging-1.0-alpha1.jar:/Users/macos/.m2/repository/javax/servlet/javax.servlet-api/3.1.0/javax.servlet-api-3.1.0.jar:/Users/macos/.m2/repository/javax/servlet/jsp/jsp-api/2.1/jsp-api-2.1.jar:/Users/macos/.m2/repository/com/day/commons/day-commons-gfx/2.1.28/day-commons-gfx-2.1.28.jar:/Users/macos/.m2/repository/com/day/commons/day-commons-any/2.0.0/day-commons-any-2.0.0.jar:/Users/macos/.m2/repository/com/day/commons/day-commons-text/1.1.3/day-commons-text-1.1.3.jar:/Users/macos/.m2/repository/org/apache/sling/org.apache.sling.testing.hamcrest/1.0.2/org.apache.sling.testing.hamcrest-1.0.2.jar:/Users/macos/.m2/repository/org/hamcrest/hamcrest-library/1.3/hamcrest-library-1.3.jar:/Users/macos/.m2/repository/org/hamcrest/hamcrest-core/1.3/hamcrest-core-1.3.jar:/Users/macos/.m2/repository/org/apache/sling/org.apache.sling.xss/2.2.6/org.apache.sling.xss-2.2.6.jar:/Users/macos/.m2/repository/org/junit/jupiter/junit-jupiter-params/5.9.3/junit-jupiter-params-5.9.3.jar:"/>
    <property name="java.vm.vendor" value="Eclipse Adoptium"/>
    <property name="sun.arch.data.model" value="64"/>
    <property name="java.vendor.url" value="https://adoptium.net/"/>
    <property name="user.timezone" value=""/>
    <property name="java.vm.specification.version" value="11"/>
    <property name="os.name" value="Mac OS X"/>
    <property name="sun.java.launcher" value="SUN_STANDARD"/>
    <property name="user.country" value="AR"/>
    <property name="sun.boot.library.path" value="/Library/Java/JavaVirtualMachines/temurin-11.jdk/Contents/Home/lib"/>
    <property name="sun.java.command" value="/Users/macos/Documents/WORKS/AEM/proyectos/weretail-dynamicsearchcard-core/target/surefire/surefirebooter-20250328003010822_3.jar /Users/macos/Documents/WORKS/AEM/proyectos/weretail-dynamicsearchcard-core/target/surefire 2025-03-28T00-30-10_712-jvmRun1 surefire-20250328003010822_1tmp surefire_0-20250328003010822_2tmp"/>
    <property name="http.nonProxyHosts" value="local|*.local|169.254/16|*.169.254/16"/>
    <property name="jdk.debug" value="release"/>
    <property name="surefire.test.class.path" value="/Users/macos/Documents/WORKS/AEM/proyectos/weretail-dynamicsearchcard-core/target/test-classes:/Users/macos/Documents/WORKS/AEM/proyectos/weretail-dynamicsearchcard-core/target/classes:/Users/macos/.m2/repository/com/adobe/aem/uber-jar/6.5.0/uber-jar-6.5.0-apis.jar:/Users/macos/.m2/repository/org/apache/sling/org.apache.sling.models.api/1.3.6/org.apache.sling.models.api-1.3.6.jar:/Users/macos/.m2/repository/org/apache/httpcomponents/httpclient/4.5.13/httpclient-4.5.13.jar:/Users/macos/.m2/repository/org/apache/httpcomponents/httpcore/4.4.13/httpcore-4.4.13.jar:/Users/macos/.m2/repository/commons-logging/commons-logging/1.2/commons-logging-1.2.jar:/Users/macos/.m2/repository/commons-codec/commons-codec/1.11/commons-codec-1.11.jar:/Users/macos/.m2/repository/org/osgi/org.osgi.service.component.annotations/1.4.0/org.osgi.service.component.annotations-1.4.0.jar:/Users/macos/.m2/repository/com/google/code/gson/gson/2.8.9/gson-2.8.9.jar:/Users/macos/.m2/repository/org/junit/jupiter/junit-jupiter-api/5.9.3/junit-jupiter-api-5.9.3.jar:/Users/macos/.m2/repository/org/opentest4j/opentest4j/1.2.0/opentest4j-1.2.0.jar:/Users/macos/.m2/repository/org/junit/platform/junit-platform-commons/1.9.3/junit-platform-commons-1.9.3.jar:/Users/macos/.m2/repository/org/apiguardian/apiguardian-api/1.1.2/apiguardian-api-1.1.2.jar:/Users/macos/.m2/repository/org/junit/jupiter/junit-jupiter-engine/5.9.3/junit-jupiter-engine-5.9.3.jar:/Users/macos/.m2/repository/org/junit/platform/junit-platform-engine/1.9.3/junit-platform-engine-1.9.3.jar:/Users/macos/.m2/repository/io/wcm/io.wcm.testing.aem-mock.junit5/5.0.0/io.wcm.testing.aem-mock.junit5-5.0.0.jar:/Users/macos/.m2/repository/io/wcm/io.wcm.testing.aem-mock.core/5.0.0/io.wcm.testing.aem-mock.core-5.0.0.jar:/Users/macos/.m2/repository/org/apache/sling/org.apache.sling.api/2.22.0/org.apache.sling.api-2.22.0.jar:/Users/macos/.m2/repository/org/jetbrains/annotations/16.0.2/annotations-16.0.2.jar:/Users/macos/.m2/repository/org/apache/jackrabbit/jackrabbit-jcr-commons/2.20.1/jackrabbit-jcr-commons-2.20.1.jar:/Users/macos/.m2/repository/org/apache/sling/org.apache.sling.commons.osgi/2.4.0/org.apache.sling.commons.osgi-2.4.0.jar:/Users/macos/.m2/repository/org/apache/sling/org.apache.sling.resourceresolver/1.7.0/org.apache.sling.resourceresolver-1.7.0.jar:/Users/macos/.m2/repository/org/apache/sling/org.apache.sling.serviceusermapper/1.4.4/org.apache.sling.serviceusermapper-1.4.4.jar:/Users/macos/.m2/repository/org/apache/sling/org.apache.sling.jcr.api/2.4.0/org.apache.sling.jcr.api-2.4.0.jar:/Users/macos/.m2/repository/org/apache/sling/org.apache.sling.jcr.resource/3.0.18/org.apache.sling.jcr.resource-3.0.18.jar:/Users/macos/.m2/repository/org/apache/sling/org.apache.sling.commons.mime/2.2.2/org.apache.sling.commons.mime-2.2.2.jar:/Users/macos/.m2/repository/org/apache/sling/org.apache.sling.commons.json/2.0.20/org.apache.sling.commons.json-2.0.20.jar:/Users/macos/.m2/repository/org/apache/sling/org.apache.sling.commons.classloader/1.4.2/org.apache.sling.commons.classloader-1.4.2.jar:/Users/macos/.m2/repository/org/apache/sling/org.apache.sling.settings/1.3.10/org.apache.sling.settings-1.3.10.jar:/Users/macos/.m2/repository/org/apache/sling/org.apache.sling.i18n/2.5.14/org.apache.sling.i18n-2.5.14.jar:/Users/macos/.m2/repository/org/apache/sling/org.apache.sling.models.impl/1.4.14/org.apache.sling.models.impl-1.4.14.jar:/Users/macos/.m2/repository/org/apache/sling/org.apache.sling.testing.jcr-mock/1.6.0/org.apache.sling.testing.jcr-mock-1.6.0.jar:/Users/macos/.m2/repository/javax/jcr/jcr/2.0/jcr-2.0.jar:/Users/macos/.m2/repository/org/apache/jackrabbit/oak-jackrabbit-api/1.22.5/oak-jackrabbit-api-1.22.5.jar:/Users/macos/.m2/repository/org/apache/commons/commons-collections4/4.2/commons-collections4-4.2.jar:/Users/macos/.m2/repository/org/apache/commons/commons-lang3/3.9/commons-lang3-3.9.jar:/Users/macos/.m2/repository/org/apache/sling/org.apache.sling.testing.osgi-mock.core/3.3.0/org.apache.sling.testing.osgi-mock.core-3.3.0.jar:/Users/macos/.m2/repository/org/osgi/org.osgi.framework/1.9.0/org.osgi.framework-1.9.0.jar:/Users/macos/.m2/repository/org/osgi/org.osgi.service.component/1.4.0/org.osgi.service.component-1.4.0.jar:/Users/macos/.m2/repository/org/osgi/org.osgi.service.cm/1.6.0/org.osgi.service.cm-1.6.0.jar:/Users/macos/.m2/repository/org/osgi/org.osgi.service.event/1.4.0/org.osgi.service.event-1.4.0.jar:/Users/macos/.m2/repository/org/osgi/org.osgi.service.log/1.3.0/org.osgi.service.log-1.3.0.jar:/Users/macos/.m2/repository/commons-io/commons-io/2.6/commons-io-2.6.jar:/Users/macos/.m2/repository/org/slf4j/slf4j-api/1.7.25/slf4j-api-1.7.25.jar:/Users/macos/.m2/repository/org/reflections/reflections/0.10.2/reflections-0.10.2.jar:/Users/macos/.m2/repository/org/javassist/javassist/3.28.0-GA/javassist-3.28.0-GA.jar:/Users/macos/.m2/repository/org/apache/sling/org.apache.sling.testing.sling-mock.core/3.3.0/org.apache.sling.testing.sling-mock.core-3.3.0.jar:/Users/macos/.m2/repository/org/apache/sling/org.apache.sling.resourcebuilder/1.0.4/org.apache.sling.resourcebuilder-1.0.4.jar:/Users/macos/.m2/repository/org/osgi/org.osgi.resource/1.0.0/org.osgi.resource-1.0.0.jar:/Users/macos/.m2/repository/org/osgi/org.osgi.util.converter/1.0.0/org.osgi.util.converter-1.0.0.jar:/Users/macos/.m2/repository/org/osgi/org.osgi.util.function/1.1.0/org.osgi.util.function-1.1.0.jar:/Users/macos/.m2/repository/org/osgi/org.osgi.util.tracker/1.5.2/org.osgi.util.tracker-1.5.2.jar:/Users/macos/.m2/repository/org/apache/sling/org.apache.sling.scripting.api/2.2.0/org.apache.sling.scripting.api-2.2.0.jar:/Users/macos/.m2/repository/org/apache/sling/org.apache.sling.scripting.core/2.3.2/org.apache.sling.scripting.core-2.3.2.jar:/Users/macos/.m2/repository/org/apache/felix/org.apache.felix.utils/1.9.0/org.apache.felix.utils-1.9.0.jar:/Users/macos/.m2/repository/org/apache/johnzon/johnzon-core/1.1.1/johnzon-core-1.1.1.jar:/Users/macos/.m2/repository/org/apache/sling/org.apache.sling.adapter/2.1.10/org.apache.sling.adapter-2.1.10.jar:/Users/macos/.m2/repository/org/apache/sling/org.apache.sling.featureflags/1.2.2/org.apache.sling.featureflags-1.2.2.jar:/Users/macos/.m2/repository/org/apache/jackrabbit/oak-jcr/1.22.5/oak-jcr-1.22.5.jar:/Users/macos/.m2/repository/org/apache/jackrabbit/oak-api/1.22.5/oak-api-1.22.5.jar:/Users/macos/.m2/repository/org/apache/jackrabbit/oak-core-spi/1.22.5/oak-core-spi-1.22.5.jar:/Users/macos/.m2/repository/org/apache/jackrabbit/oak-store-spi/1.22.5/oak-store-spi-1.22.5.jar:/Users/macos/.m2/repository/org/apache/jackrabbit/oak-query-spi/1.22.5/oak-query-spi-1.22.5.jar:/Users/macos/.m2/repository/org/apache/jackrabbit/oak-security-spi/1.22.5/oak-security-spi-1.22.5.jar:/Users/macos/.m2/repository/org/apache/jackrabbit/oak-core/1.22.5/oak-core-1.22.5.jar:/Users/macos/.m2/repository/org/apache/jackrabbit/oak-blob-plugins/1.22.5/oak-blob-plugins-1.22.5.jar:/Users/macos/.m2/repository/org/apache/jackrabbit/jackrabbit-data/2.20.1/jackrabbit-data-2.20.1.jar:/Users/macos/.m2/repository/org/apache/jackrabbit/oak-blob/1.22.5/oak-blob-1.22.5.jar:/Users/macos/.m2/repository/org/apache/jackrabbit/oak-commons/1.22.5/oak-commons-1.22.5.jar:/Users/macos/.m2/repository/com/google/guava/guava/15.0/guava-15.0.jar:/Users/macos/.m2/repository/commons-collections/commons-collections/3.2.2/commons-collections-3.2.2.jar:/Users/macos/.m2/repository/commons-lang/commons-lang/2.6/commons-lang-2.6.jar:/Users/macos/.m2/repository/org/apache/sling/org.apache.sling.contentparser.api/2.0.0/org.apache.sling.contentparser.api-2.0.0.jar:/Users/macos/.m2/repository/org/apache/sling/org.apache.sling.contentparser.json/2.0.0/org.apache.sling.contentparser.json-2.0.0.jar:/Users/macos/.m2/repository/org/apache/sling/org.apache.sling.contentparser.xml-jcr/2.0.0/org.apache.sling.contentparser.xml-jcr-2.0.0.jar:/Users/macos/.m2/repository/org/apache/sling/org.apache.sling.fsresource/2.2.0/org.apache.sling.fsresource-2.2.0.jar:/Users/macos/.m2/repository/org/apache/geronimo/specs/geronimo-atinject_1.0_spec/1.0/geronimo-atinject_1.0_spec-1.0.jar:/Users/macos/.m2/repository/org/apache/geronimo/specs/geronimo-json_1.1_spec/1.0/geronimo-json_1.1_spec-1.0.jar:/Users/macos/.m2/repository/org/apache/sling/org.apache.sling.testing.resourceresolver-mock/1.3.0/org.apache.sling.testing.resourceresolver-mock-1.3.0.jar:/Users/macos/.m2/repository/org/apache/sling/org.apache.sling.servlet-helpers/1.4.2/org.apache.sling.servlet-helpers-1.4.2.jar:/Users/macos/.m2/repository/org/apache/jackrabbit/vault/org.apache.jackrabbit.vault/3.2.8/org.apache.jackrabbit.vault-3.2.8.jar:/Users/macos/.m2/repository/org/apache/commons/commons-imaging/1.0-alpha1/commons-imaging-1.0-alpha1.jar:/Users/macos/.m2/repository/javax/servlet/javax.servlet-api/3.1.0/javax.servlet-api-3.1.0.jar:/Users/macos/.m2/repository/javax/servlet/jsp/jsp-api/2.1/jsp-api-2.1.jar:/Users/macos/.m2/repository/com/day/commons/day-commons-gfx/2.1.28/day-commons-gfx-2.1.28.jar:/Users/macos/.m2/repository/com/day/commons/day-commons-any/2.0.0/day-commons-any-2.0.0.jar:/Users/macos/.m2/repository/com/day/commons/day-commons-text/1.1.3/day-commons-text-1.1.3.jar:/Users/macos/.m2/repository/org/apache/sling/org.apache.sling.testing.hamcrest/1.0.2/org.apache.sling.testing.hamcrest-1.0.2.jar:/Users/macos/.m2/repository/org/hamcrest/hamcrest-library/1.3/hamcrest-library-1.3.jar:/Users/macos/.m2/repository/org/hamcrest/hamcrest-core/1.3/hamcrest-core-1.3.jar:/Users/macos/.m2/repository/org/apache/sling/org.apache.sling.xss/2.2.6/org.apache.sling.xss-2.2.6.jar:/Users/macos/.m2/repository/org/junit/jupiter/junit-jupiter-params/5.9.3/junit-jupiter-params-5.9.3.jar:"/>
    <property name="sun.cpu.endian" value="little"/>
    <property name="user.home" value="/Users/macos"/>
    <property name="user.language" value="es"/>
    <property name="java.specification.vendor" value="Oracle Corporation"/>
    <property name="java.version.date" value="2025-01-21"/>
    <property name="java.home" value="/Library/Java/JavaVirtualMachines/temurin-11.jdk/Contents/Home"/>
    <property name="file.separator" value="/"/>
    <property name="basedir" value="/Users/macos/Documents/WORKS/AEM/proyectos/weretail-dynamicsearchcard-core"/>
    <property name="java.vm.compressedOopsMode" value="Zero based"/>
    <property name="line.separator" value="&#10;"/>
    <property name="java.specification.name" value="Java Platform API Specification"/>
    <property name="java.vm.specification.vendor" value="Oracle Corporation"/>
    <property name="java.awt.graphicsenv" value="sun.awt.CGraphicsEnvironment"/>
    <property name="surefire.real.class.path" value="/Users/macos/Documents/WORKS/AEM/proyectos/weretail-dynamicsearchcard-core/target/surefire/surefirebooter-20250328003010822_3.jar"/>
    <property name="sun.management.compiler" value="HotSpot 64-Bit Tiered Compilers"/>
    <property name="ftp.nonProxyHosts" value="local|*.local|169.254/16|*.169.254/16"/>
    <property name="java.runtime.version" value="11.0.26+4"/>
    <property name="user.name" value="macos"/>
    <property name="path.separator" value=":"/>
    <property name="os.version" value="15.3.2"/>
    <property name="java.runtime.name" value="OpenJDK Runtime Environment"/>
    <property name="file.encoding" value="UTF-8"/>
    <property name="java.vm.name" value="OpenJDK 64-Bit Server VM"/>
    <property name="java.vendor.version" value="Temurin-11.0.26+4"/>
    <property name="localRepository" value="/Users/macos/.m2/repository"/>
    <property name="java.vendor.url.bug" value="https://github.com/adoptium/adoptium-support/issues"/>
    <property name="java.io.tmpdir" value="/var/folders/cv/p8xkm9k161j3rvlsdxnlfvvm0000gn/T/"/>
    <property name="java.version" value="11.0.26"/>
    <property name="user.dir" value="/Users/macos/Documents/WORKS/AEM/proyectos/weretail-dynamicsearchcard-core"/>
    <property name="os.arch" value="aarch64"/>
    <property name="java.vm.specification.name" value="Java Virtual Machine Specification"/>
    <property name="java.awt.printerjob" value="sun.lwawt.macosx.CPrinterJob"/>
    <property name="sun.os.patch.level" value="unknown"/>
    <property name="java.library.path" value="/Users/macos/Library/Java/Extensions:/Library/Java/Extensions:/Network/Library/Java/Extensions:/System/Library/Java/Extensions:/usr/lib/java:."/>
    <property name="java.vm.info" value="mixed mode"/>
    <property name="java.vendor" value="Eclipse Adoptium"/>
    <property name="java.vm.version" value="11.0.26+4"/>
    <property name="java.specification.maintenance.version" value="3"/>
    <property name="sun.io.unicode.encoding" value="UnicodeBig"/>
    <property name="java.class.version" value="55.0"/>
    <property name="socksNonProxyHosts" value="local|*.local|169.254/16|*.169.254/16"/>
  </properties>
  <testcase name="testServletInitialization" classname="com.fabiangonzalez.aem.servlets.SearchCardServletTest" time="0.013">
    <system-err><![CDATA[SLF4J: Failed to load class "org.slf4j.impl.StaticLoggerBinder".
SLF4J: Defaulting to no-operation (NOP) logger implementation
SLF4J: See http://www.slf4j.org/codes.html#StaticLoggerBinder for further details.
]]></system-err>
  </testcase>
</testsuite>